TN:
SF:src\lib\block.ts
FN:23,Block
FN:35,getHash
FN:56,mine
FN:73,isValid
FN:102,fromBlockInfo
FNF:5
FNH:5
FNDA:13,Block
FNDA:20,getHash
FNDA:5,mine
FNDA:12,isValid
FNDA:1,fromBlockInfo
DA:1,1
DA:2,1
DA:3,1
DA:4,1
DA:5,1
DA:6,1
DA:7,1
DA:8,1
DA:9,1
DA:10,1
DA:11,1
DA:12,1
DA:13,1
DA:14,1
DA:15,1
DA:16,1
DA:17,1
DA:18,1
DA:19,1
DA:20,1
DA:21,1
DA:22,1
DA:23,1
DA:24,13
DA:25,13
DA:26,13
DA:27,13
DA:28,13
DA:29,13
DA:30,13
DA:31,13
DA:32,13
DA:33,13
DA:34,1
DA:35,1
DA:36,20
DA:37,20
DA:38,20
DA:39,20
DA:40,20
DA:41,20
DA:42,20
DA:43,20
DA:44,20
DA:45,20
DA:46,20
DA:47,20
DA:48,20
DA:49,20
DA:50,1
DA:51,1
DA:52,1
DA:53,1
DA:54,1
DA:55,1
DA:56,1
DA:57,5
DA:58,5
DA:59,5
DA:60,5
DA:61,5
DA:62,5
DA:63,5
DA:64,5
DA:65,1
DA:66,1
DA:67,1
DA:68,1
DA:69,1
DA:70,1
DA:71,1
DA:72,1
DA:73,1
DA:74,12
DA:75,12
DA:76,12
DA:77,12
DA:78,12
DA:79,11
DA:80,11
DA:81,10
DA:82,10
DA:83,10
DA:84,10
DA:85,11
DA:86,11
DA:87,9
DA:88,12
DA:89,8
DA:90,12
DA:91,6
DA:92,12
DA:93,12
DA:94,2
DA:95,2
DA:96,12
DA:97,12
DA:98,2
DA:99,2
DA:100,2
DA:101,1
DA:102,1
DA:103,1
DA:104,1
DA:105,1
DA:106,1
DA:107,1
DA:108,1
DA:109,1
LF:109
LH:109
BRDA:23,0,0,13
BRDA:24,1,0,2
BRDA:24,2,0,11
BRDA:24,3,0,3
BRDA:25,4,0,2
BRDA:25,5,0,11
BRDA:26,6,0,2
BRDA:26,7,0,11
BRDA:26,8,0,10
BRDA:27,9,0,2
BRDA:27,10,0,11
BRDA:28,11,0,11
BRDA:29,12,0,2
BRDA:30,13,0,2
BRDA:30,14,0,11
BRDA:31,15,0,2
BRDA:31,16,0,11
BRDA:32,17,0,2
BRDA:32,18,0,11
BRDA:28,19,0,12
BRDA:35,20,0,20
BRDA:38,21,0,18
BRDA:39,22,0,2
BRDA:38,23,0,20
BRDA:38,24,0,2
BRDA:56,25,0,5
BRDA:73,26,0,12
BRDA:78,27,0,11
BRDA:80,28,0,1
BRDA:81,29,0,10
BRDA:85,30,0,2
BRDA:87,31,0,9
BRDA:88,32,0,1
BRDA:89,33,0,8
BRDA:90,34,0,2
BRDA:91,35,0,6
BRDA:92,36,0,4
BRDA:93,37,0,2
BRDA:93,38,0,0
BRDA:94,39,0,2
BRDA:97,40,0,0
BRDA:98,41,0,2
BRDA:79,42,0,12
BRDA:82,43,0,10
BRDA:83,44,0,10
BRDA:83,45,0,2
BRDA:102,46,0,1
BRF:47
BRH:45
end_of_record
TN:
SF:src\lib\blockchain.ts
FN:19,Blockchain
FN:36,getLastBlock
FN:40,getDifficulty
FN:49,addBlock
FN:64,getBlock
FN:71,isValid
FN:90,getFeePerTx
FN:94,getNextBlock
FNF:8
FNH:8
FNDA:8,Blockchain
FNDA:5,getLastBlock
FNDA:7,getDifficulty
FNDA:4,addBlock
FNDA:1,getBlock
FNDA:3,isValid
FNDA:1,getFeePerTx
FNDA:1,getNextBlock
DA:1,1
DA:2,1
DA:3,1
DA:4,1
DA:5,1
DA:6,1
DA:7,1
DA:8,1
DA:9,1
DA:10,1
DA:11,1
DA:12,1
DA:13,1
DA:14,1
DA:15,1
DA:16,1
DA:17,1
DA:18,1
DA:19,1
DA:20,8
DA:21,8
DA:22,8
DA:23,8
DA:24,8
DA:25,8
DA:26,8
DA:27,8
DA:28,8
DA:29,8
DA:30,8
DA:31,8
DA:32,1
DA:33,1
DA:34,1
DA:35,1
DA:36,1
DA:37,5
DA:38,5
DA:39,1
DA:40,1
DA:41,7
DA:42,7
DA:43,1
DA:44,1
DA:45,1
DA:46,1
DA:47,1
DA:48,1
DA:49,1
DA:50,4
DA:51,4
DA:52,4
DA:53,4
DA:54,4
DA:55,4
DA:56,4
DA:57,4
DA:58,4
DA:59,3
DA:60,3
DA:61,3
DA:62,3
DA:63,1
DA:64,1
DA:65,1
DA:66,1
DA:67,1
DA:68,1
DA:69,1
DA:70,1
DA:71,1
DA:72,3
DA:73,2
DA:74,2
DA:75,2
DA:76,2
DA:77,2
DA:78,2
DA:79,2
DA:80,2
DA:81,2
DA:82,1
DA:83,1
DA:84,1
DA:85,2
DA:86,2
DA:87,2
DA:88,2
DA:89,1
DA:90,1
DA:91,1
DA:92,1
DA:93,1
DA:94,1
DA:95,1
DA:96,1
DA:97,1
DA:98,1
DA:99,1
DA:100,1
DA:101,1
DA:102,1
DA:103,1
DA:104,1
DA:105,1
DA:106,1
DA:107,1
DA:108,1
DA:109,1
DA:110,1
DA:111,1
DA:112,1
LF:112
LH:112
BRDA:19,0,0,8
BRDA:36,1,0,5
BRDA:40,2,0,7
BRDA:49,3,0,4
BRDA:58,4,0,1
BRDA:59,5,0,3
BRDA:64,6,0,1
BRDA:65,7,0,1
BRDA:71,8,0,3
BRDA:72,9,0,2
BRDA:81,10,0,1
BRDA:90,11,0,1
BRDA:94,12,0,1
BRF:13
BRH:13
end_of_record
TN:
SF:src\lib\transaction.ts
FN:14,Transaction
FN:21,getHash
FN:25,isValid
FNF:3
FNH:3
FNDA:4,Transaction
FNDA:6,getHash
FNDA:4,isValid
DA:1,1
DA:2,1
DA:3,1
DA:4,1
DA:5,1
DA:6,1
DA:7,1
DA:8,1
DA:9,1
DA:10,1
DA:11,1
DA:12,1
DA:13,1
DA:14,1
DA:15,4
DA:16,4
DA:17,4
DA:18,4
DA:19,4
DA:20,1
DA:21,1
DA:22,6
DA:23,6
DA:24,1
DA:25,1
DA:26,4
DA:27,4
DA:28,4
DA:29,1
DA:30,1
DA:31,1
LF:31
LH:31
BRDA:14,0,0,4
BRDA:15,1,0,1
BRDA:15,2,0,3
BRDA:15,3,0,2
BRDA:16,4,0,1
BRDA:16,5,0,3
BRDA:16,6,0,3
BRDA:17,7,0,1
BRDA:17,8,0,3
BRDA:17,9,0,1
BRDA:18,10,0,1
BRDA:18,11,0,3
BRDA:18,12,0,2
BRDA:21,13,0,6
BRDA:25,14,0,4
BRDA:27,15,0,2
BRDA:28,16,0,1
BRF:17
BRH:17
end_of_record
TN:
SF:src\lib\validation.ts
FN:12,Validation
FNF:1
FNH:1
FNDA:38,Validation
DA:1,1
DA:2,1
DA:3,1
DA:4,1
DA:5,1
DA:6,1
DA:7,1
DA:8,1
DA:9,1
DA:10,1
DA:11,1
DA:12,1
DA:13,38
DA:14,38
DA:15,38
DA:16,1
LF:16
LH:16
BRDA:12,0,0,38
BRF:1
BRH:1
end_of_record
TN:
SF:src\server\blockchainServer.ts
FNF:0
FNH:0
DA:1,1
DA:2,1
DA:3,1
DA:4,1
DA:5,1
DA:6,1
DA:7,1
DA:8,1
DA:9,1
DA:10,1
DA:11,1
DA:12,1
DA:13,1
DA:14,1
DA:15,1
DA:16,1
DA:17,1
DA:18,1
DA:19,1
DA:20,1
DA:21,1
DA:22,1
DA:23,1
DA:24,1
DA:25,1
DA:26,1
DA:27,1
DA:28,1
DA:29,1
DA:30,1
DA:31,1
DA:32,1
DA:33,1
DA:34,1
DA:35,3
DA:36,3
DA:37,2
DA:38,2
DA:39,2
DA:40,2
DA:41,1
DA:42,3
DA:43,1
DA:44,1
DA:45,2
DA:46,3
DA:47,2
DA:48,2
DA:49,1
DA:50,1
DA:51,1
DA:52,3
DA:53,2
DA:54,2
DA:55,2
DA:56,2
DA:57,3
DA:58,1
DA:59,1
DA:60,1
DA:61,1
DA:62,1
DA:63,1
DA:64,1
DA:65,1
DA:66,1
DA:67,1
DA:68,1
LF:68
LH:68
BRDA:9,0,0,0
BRDA:14,1,0,1
BRDA:63,2,0,1
BRDA:20,3,0,1
BRDA:28,4,0,1
BRDA:34,5,0,3
BRDA:36,6,0,2
BRDA:39,7,0,1
BRDA:40,8,0,1
BRDA:42,9,0,1
BRDA:45,10,0,2
BRDA:46,11,0,0
BRDA:47,12,0,2
BRDA:51,13,0,3
BRDA:52,14,0,1
BRDA:53,15,0,2
BRDA:57,16,0,1
BRF:17
BRH:15
end_of_record
