TN:
SF:src\lib\block.ts
FN:23,Block
FN:35,getHash
FN:56,mine
FN:73,isValid
FN:102,fromBlockInfo
FNF:5
FNH:5
FNDA:11,Block
FNDA:16,getHash
FNDA:3,mine
FNDA:10,isValid
FNDA:1,fromBlockInfo
DA:1,1
DA:2,1
DA:3,1
DA:4,1
DA:5,1
DA:6,1
DA:7,1
DA:8,1
DA:9,1
DA:10,1
DA:11,1
DA:12,1
DA:13,1
DA:14,1
DA:15,1
DA:16,1
DA:17,1
DA:18,1
DA:19,1
DA:20,1
DA:21,1
DA:22,1
DA:23,1
DA:24,11
DA:25,11
DA:26,11
DA:27,11
DA:28,11
DA:29,11
DA:30,11
DA:31,11
DA:32,11
DA:33,11
DA:34,1
DA:35,1
DA:36,16
DA:37,16
DA:38,16
DA:39,16
DA:40,16
DA:41,16
DA:42,16
DA:43,16
DA:44,16
DA:45,16
DA:46,16
DA:47,16
DA:48,16
DA:49,16
DA:50,1
DA:51,1
DA:52,1
DA:53,1
DA:54,1
DA:55,1
DA:56,1
DA:57,3
DA:58,3
DA:59,3
DA:60,3
DA:61,3
DA:62,3
DA:63,3
DA:64,3
DA:65,1
DA:66,1
DA:67,1
DA:68,1
DA:69,1
DA:70,1
DA:71,1
DA:72,1
DA:73,1
DA:74,10
DA:75,10
DA:76,10
DA:77,10
DA:78,10
DA:79,9
DA:80,9
DA:81,9
DA:82,9
DA:83,9
DA:84,9
DA:85,9
DA:86,9
DA:87,9
DA:88,10
DA:89,8
DA:90,10
DA:91,6
DA:92,10
DA:93,10
DA:94,2
DA:95,2
DA:96,10
DA:97,10
DA:98,2
DA:99,2
DA:100,2
DA:101,1
DA:102,1
DA:103,1
DA:104,1
DA:105,1
DA:106,1
DA:107,1
DA:108,1
DA:109,1
LF:109
LH:109
BRDA:23,0,0,11
BRDA:24,1,0,2
BRDA:24,2,0,9
BRDA:24,3,0,3
BRDA:25,4,0,2
BRDA:25,5,0,9
BRDA:26,6,0,2
BRDA:26,7,0,9
BRDA:26,8,0,10
BRDA:27,9,0,2
BRDA:27,10,0,9
BRDA:28,11,0,9
BRDA:28,12,0,0
BRDA:29,13,0,2
BRDA:30,14,0,2
BRDA:30,15,0,9
BRDA:31,16,0,2
BRDA:31,17,0,9
BRDA:32,18,0,2
BRDA:32,19,0,9
BRDA:28,20,0,9
BRDA:35,21,0,16
BRDA:38,22,0,14
BRDA:39,23,0,2
BRDA:38,24,0,14
BRDA:56,25,0,3
BRDA:73,26,0,10
BRDA:78,27,0,9
BRDA:80,28,0,0
BRDA:85,29,0,1
BRDA:88,30,0,1
BRDA:89,31,0,8
BRDA:90,32,0,2
BRDA:91,33,0,6
BRDA:92,34,0,4
BRDA:93,35,0,2
BRDA:93,36,0,0
BRDA:94,37,0,2
BRDA:97,38,0,0
BRDA:98,39,0,2
BRDA:79,40,0,9
BRDA:82,41,0,9
BRDA:83,42,0,9
BRDA:83,43,0,1
BRDA:102,44,0,1
BRF:45
BRH:41
end_of_record
TN:
SF:src\lib\blockchain.ts
FN:19,Blockchain
FN:36,getLastBlock
FN:40,getDifficulty
FN:49,addBlock
FN:64,getBlock
FN:71,isValid
FN:90,getFeePerTx
FN:94,getNextBlock
FNF:8
FNH:8
FNDA:8,Blockchain
FNDA:5,getLastBlock
FNDA:7,getDifficulty
FNDA:4,addBlock
FNDA:1,getBlock
FNDA:3,isValid
FNDA:1,getFeePerTx
FNDA:1,getNextBlock
DA:1,1
DA:2,1
DA:3,1
DA:4,1
DA:5,1
DA:6,1
DA:7,1
DA:8,1
DA:9,1
DA:10,1
DA:11,1
DA:12,1
DA:13,1
DA:14,1
DA:15,1
DA:16,1
DA:17,1
DA:18,1
DA:19,1
DA:20,8
DA:21,8
DA:22,8
DA:23,8
DA:24,8
DA:25,8
DA:26,8
DA:27,8
DA:28,8
DA:29,8
DA:30,8
DA:31,8
DA:32,1
DA:33,1
DA:34,1
DA:35,1
DA:36,1
DA:37,5
DA:38,5
DA:39,1
DA:40,1
DA:41,7
DA:42,7
DA:43,1
DA:44,1
DA:45,1
DA:46,1
DA:47,1
DA:48,1
DA:49,1
DA:50,4
DA:51,4
DA:52,4
DA:53,4
DA:54,4
DA:55,4
DA:56,4
DA:57,4
DA:58,4
DA:59,3
DA:60,3
DA:61,3
DA:62,3
DA:63,1
DA:64,1
DA:65,1
DA:66,1
DA:67,1
DA:68,1
DA:69,1
DA:70,1
DA:71,1
DA:72,3
DA:73,2
DA:74,2
DA:75,2
DA:76,2
DA:77,2
DA:78,2
DA:79,2
DA:80,2
DA:81,2
DA:82,1
DA:83,1
DA:84,1
DA:85,2
DA:86,2
DA:87,2
DA:88,2
DA:89,1
DA:90,1
DA:91,1
DA:92,1
DA:93,1
DA:94,1
DA:95,1
DA:96,1
DA:97,1
DA:98,1
DA:99,1
DA:100,1
DA:101,1
DA:102,1
DA:103,1
DA:104,1
DA:105,1
DA:106,1
DA:107,1
DA:108,1
DA:109,1
DA:110,1
DA:111,1
DA:112,1
LF:112
LH:112
BRDA:19,0,0,8
BRDA:36,1,0,5
BRDA:40,2,0,7
BRDA:49,3,0,4
BRDA:58,4,0,1
BRDA:59,5,0,3
BRDA:64,6,0,1
BRDA:65,7,0,1
BRDA:71,8,0,3
BRDA:72,9,0,2
BRDA:81,10,0,1
BRDA:90,11,0,1
BRDA:94,12,0,1
BRF:13
BRH:13
end_of_record
TN:
SF:src\lib\transaction.ts
FN:14,Transaction
FN:21,getHash
FN:25,isValid
FNF:3
FNH:3
FNDA:33,Transaction
FNDA:33,getHash
FNDA:9,isValid
DA:1,1
DA:2,1
DA:3,1
DA:4,1
DA:5,1
DA:6,1
DA:7,1
DA:8,1
DA:9,1
DA:10,1
DA:11,1
DA:12,1
DA:13,1
DA:14,1
DA:15,33
DA:16,33
DA:17,33
DA:18,33
DA:19,33
DA:20,1
DA:21,1
DA:22,33
DA:23,33
DA:24,1
DA:25,1
DA:26,9
DA:27,9
DA:28,9
DA:29,8
DA:30,8
DA:31,1
LF:31
LH:31
BRDA:14,0,0,33
BRDA:15,1,0,0
BRDA:15,2,0,16
BRDA:16,3,0,0
BRDA:16,4,0,24
BRDA:17,5,0,0
BRDA:17,6,0,2
BRDA:18,7,0,0
BRDA:18,8,0,24
BRDA:21,9,0,33
BRDA:25,10,0,9
BRDA:27,11,0,0
BRDA:28,12,0,1
BRDA:29,13,0,8
BRF:14
BRH:9
end_of_record
TN:
SF:src\lib\validation.ts
FN:12,Validation
FNF:1
FNH:1
FNDA:35,Validation
DA:1,1
DA:2,1
DA:3,1
DA:4,1
DA:5,1
DA:6,1
DA:7,1
DA:8,1
DA:9,1
DA:10,1
DA:11,1
DA:12,1
DA:13,35
DA:14,35
DA:15,35
DA:16,1
LF:16
LH:16
BRDA:12,0,0,35
BRF:1
BRH:1
end_of_record
TN:
SF:src\server\blockchainServer.ts
FNF:0
FNH:0
DA:1,1
DA:2,1
DA:3,1
DA:4,1
DA:5,1
DA:6,1
DA:7,1
DA:8,1
DA:9,1
DA:10,1
DA:11,1
DA:12,1
DA:13,1
DA:14,1
DA:15,1
DA:16,1
DA:17,1
DA:18,1
DA:19,1
DA:20,1
DA:21,1
DA:22,1
DA:23,1
DA:24,1
DA:25,1
DA:26,1
DA:27,1
DA:28,1
DA:29,1
DA:30,1
DA:31,1
DA:32,1
DA:33,1
DA:34,1
DA:35,3
DA:36,3
DA:37,2
DA:38,2
DA:39,2
DA:40,2
DA:41,1
DA:42,3
DA:43,1
DA:44,1
DA:45,2
DA:46,3
DA:47,2
DA:48,2
DA:49,1
DA:50,1
DA:51,1
DA:52,3
DA:53,2
DA:54,2
DA:55,2
DA:56,2
DA:57,3
DA:58,1
DA:59,1
DA:60,1
DA:61,1
DA:62,1
DA:63,1
DA:64,1
DA:65,1
DA:66,1
DA:67,1
DA:68,1
LF:68
LH:68
BRDA:9,0,0,0
BRDA:14,1,0,1
BRDA:63,2,0,1
BRDA:20,3,0,1
BRDA:28,4,0,1
BRDA:34,5,0,3
BRDA:36,6,0,2
BRDA:39,7,0,1
BRDA:40,8,0,1
BRDA:42,9,0,1
BRDA:45,10,0,2
BRDA:46,11,0,0
BRDA:47,12,0,2
BRDA:51,13,0,3
BRDA:52,14,0,1
BRDA:53,15,0,2
BRDA:57,16,0,1
BRF:17
BRH:15
end_of_record
